<?xml version="1.0" encoding="UTF-8"?>
<!-- Generated by org.testng.reporters.JUnitReportReporter -->
<testsuite skipped="0" hostname="LAPTOP-NT7ELRKO" name="excel.firstexcel" tests="1" failures="0" timestamp="2021-08-06T16:49:59 IST" time="9.466" errors="0">
  <testcase name="m1" time="9.466" classname="excel.firstexcel"/>
  <system-out/>
</testsuite> <!-- excel.firstexcel -->
