<?xml version="1.0" encoding="UTF-8"?>
<!-- Generated by org.testng.reporters.JUnitReportReporter -->
<testsuite skipped="0" hostname="LAPTOP-NT7ELRKO" name="excel.firstexcel" tests="1" failures="0" timestamp="2021-08-06T14:14:54 IST" time="5.565" errors="0">
  <testcase name="m1" time="5.565" classname="excel.firstexcel"/>
  <system-out/>
</testsuite> <!-- excel.firstexcel -->
